TN:
SF:src/modules/appointments/services/CreateAppointmentService.ts
FN:24,(anonymous_18)
FN:25,CreateAppointmentService
FN:33,(anonymous_20)
FNF:3
FNH:3
FNDA:1,(anonymous_18)
FNDA:5,CreateAppointmentService
FNDA:7,(anonymous_20)
DA:1,1
DA:2,1
DA:5,1
DA:24,1
DA:27,5
DA:30,5
DA:33,1
DA:34,7
DA:35,7
DA:36,7
DA:38,7
DA:40,7
DA:41,2
DA:44,5
DA:47,5
DA:48,1
DA:51,4
DA:52,1
DA:55,3
DA:56,1
DA:60,2
DA:66,2
DA:68,4
DA:73,2
DA:75,1
DA:77,1
LF:26
LH:26
BRDA:40,0,0,2
BRDA:40,0,1,5
BRDA:47,1,0,1
BRDA:47,1,1,4
BRDA:51,2,0,1
BRDA:51,2,1,3
BRDA:55,3,0,1
BRDA:55,3,1,2
BRDA:55,4,0,3
BRDA:55,4,1,2
BRF:10
BRH:10
end_of_record
TN:
SF:src/modules/appointments/services/ListProviderAppointmentService.ts
FN:14,(anonymous_17)
FN:15,ListProviderAppointmentService
FN:20,(anonymous_19)
FNF:3
FNH:3
FNDA:1,(anonymous_17)
FNDA:1,ListProviderAppointmentService
FNDA:1,(anonymous_19)
DA:1,1
DA:14,1
DA:17,1
DA:20,1
DA:21,1
DA:22,1
DA:23,1
DA:24,1
DA:26,1
DA:34,1
DA:36,1
DA:37,1
LF:12
LH:12
BRDA:26,0,0,1
BRF:1
BRH:1
end_of_record
TN:
SF:src/modules/appointments/services/ListProviderDayAvailabilityService.ts
FN:19,(anonymous_17)
FN:20,ListProviderDayAvailabilityService
FN:25,(anonymous_19)
FN:43,(anonymous_22)
FN:48,(anonymous_23)
FN:50,(anonymous_24)
FNF:6
FNH:6
FNDA:1,(anonymous_17)
FNDA:1,ListProviderDayAvailabilityService
FNDA:1,(anonymous_19)
FNDA:10,(anonymous_22)
FNDA:10,(anonymous_23)
FNDA:19,(anonymous_24)
DA:1,1
DA:2,1
DA:19,1
DA:22,1
DA:25,1
DA:26,1
DA:27,1
DA:28,1
DA:29,1
DA:31,1
DA:39,1
DA:41,1
DA:43,10
DA:46,1
DA:48,1
DA:49,10
DA:50,19
DA:52,10
DA:54,10
DA:59,1
DA:61,1
DA:62,1
LF:22
LH:22
BRDA:31,0,0,1
BRDA:56,1,0,10
BRDA:56,1,1,8
BRF:3
BRH:3
end_of_record
TN:
SF:src/modules/appointments/services/ListProviderMonthAvailabilityService.ts
FN:18,(anonymous_17)
FN:19,ListProviderMonthAvailabilityService
FN:24,(anonymous_19)
FN:40,(anonymous_22)
FN:43,(anonymous_23)
FN:44,(anonymous_24)
FNF:6
FNH:6
FNDA:1,(anonymous_17)
FNDA:1,ListProviderMonthAvailabilityService
FNDA:1,(anonymous_19)
FNDA:31,(anonymous_22)
FNDA:31,(anonymous_23)
FNDA:341,(anonymous_24)
DA:1,1
DA:2,1
DA:18,1
DA:21,1
DA:24,1
DA:25,1
DA:26,1
DA:27,1
DA:29,1
DA:36,1
DA:38,1
DA:40,31
DA:43,1
DA:44,31
DA:45,341
DA:47,31
DA:53,1
DA:55,1
DA:56,1
LF:19
LH:19
BRDA:29,0,0,1
BRF:1
BRH:1
end_of_record
TN:
SF:src/modules/appointments/services/ListProvidersService.ts
FN:11,(anonymous_17)
FN:12,ListProvidersService
FN:17,(anonymous_19)
FNF:3
FNH:3
FNDA:1,(anonymous_17)
FNDA:1,ListProvidersService
FNDA:1,(anonymous_19)
DA:1,1
DA:11,1
DA:14,1
DA:17,1
DA:18,1
DA:21,1
DA:23,1
DA:24,1
LF:8
LH:8
BRDA:18,0,0,1
BRF:1
BRH:1
end_of_record
TN:
SF:src/modules/users/services/AuthenticateUserService.ts
FN:20,(anonymous_18)
FN:21,AuthenticateUserService
FN:29,(anonymous_20)
FNF:3
FNH:3
FNDA:1,(anonymous_18)
FNDA:3,AuthenticateUserService
FNDA:3,(anonymous_20)
DA:1,1
DA:2,1
DA:5,1
DA:6,1
DA:20,1
DA:23,3
DA:26,3
DA:29,3
DA:30,3
DA:31,3
DA:32,1
DA:38,2
DA:43,2
DA:44,1
DA:47,1
DA:49,1
DA:55,1
DA:60,1
DA:62,1
LF:19
LH:19
BRDA:30,0,0,3
BRDA:31,1,0,1
BRDA:31,1,1,2
BRDA:43,2,0,1
BRDA:43,2,1,1
BRF:5
BRH:5
end_of_record
TN:
SF:src/modules/users/services/CreateUserService.ts
FN:14,(anonymous_18)
FN:15,CreateUserService
FN:23,(anonymous_20)
FNF:3
FNH:3
FNDA:2,(anonymous_18)
FNDA:5,CreateUserService
FNDA:5,(anonymous_20)
DA:1,2
DA:4,2
DA:14,2
DA:17,5
DA:20,5
DA:23,5
DA:24,5
DA:26,5
DA:27,1
DA:30,4
DA:32,4
DA:38,4
DA:40,2
DA:41,2
LF:14
LH:14
BRDA:24,0,0,5
BRDA:26,1,0,1
BRDA:26,1,1,4
BRF:3
BRH:3
end_of_record
TN:
SF:src/modules/users/services/ResetForgotPasswordService.ts
FN:14,(anonymous_18)
FN:15,ResetForgotPasswordService
FN:26,(anonymous_20)
FNF:3
FNH:3
FNDA:1,(anonymous_18)
FNDA:3,ResetForgotPasswordService
FNDA:3,(anonymous_20)
DA:1,1
DA:2,1
DA:5,1
DA:14,1
DA:17,3
DA:20,3
DA:23,3
DA:26,3
DA:27,3
DA:29,3
DA:30,1
DA:33,2
DA:35,2
DA:41,4
DA:56,1
DA:57,1
LF:16
LH:16
BRDA:27,0,0,3
BRDA:29,1,0,1
BRDA:29,1,1,2
BRF:3
BRH:3
end_of_record
TN:
SF:src/modules/users/services/ResetPasswordService.ts
FN:16,(anonymous_18)
FN:17,ResetPasswordService
FN:28,(anonymous_20)
FNF:3
FNH:3
FNDA:1,(anonymous_18)
FNDA:4,ResetPasswordService
FNDA:4,(anonymous_20)
DA:1,1
DA:2,1
DA:5,1
DA:16,1
DA:19,4
DA:22,4
DA:25,4
DA:28,4
DA:29,4
DA:30,4
DA:31,1
DA:33,3
DA:34,3
DA:35,1
DA:37,2
DA:38,2
DA:39,2
DA:40,1
DA:43,1
DA:45,1
DA:46,2
DA:48,1
DA:49,1
LF:23
LH:23
BRDA:29,0,0,4
BRDA:30,1,0,1
BRDA:30,1,1,3
BRDA:34,2,0,1
BRDA:34,2,1,2
BRDA:39,3,0,1
BRDA:39,3,1,1
BRF:7
BRH:7
end_of_record
TN:
SF:src/modules/users/services/ShowProfileService.ts
FN:12,(anonymous_18)
FN:13,ShowProfileService
FN:18,(anonymous_20)
FNF:3
FNH:3
FNDA:1,(anonymous_18)
FNDA:2,ShowProfileService
FNDA:2,(anonymous_20)
DA:1,1
DA:4,1
DA:12,1
DA:15,2
DA:18,2
DA:19,2
DA:20,2
DA:21,1
DA:23,1
DA:25,1
DA:26,1
LF:11
LH:11
BRDA:19,0,0,2
BRDA:20,1,0,1
BRDA:20,1,1,1
BRF:3
BRH:3
end_of_record
TN:
SF:src/modules/users/services/UpdateProfileService.ts
FN:17,(anonymous_18)
FN:18,UpdateProfileService
FN:26,(anonymous_20)
FNF:3
FNH:3
FNDA:1,(anonymous_18)
FNDA:6,UpdateProfileService
FNDA:6,(anonymous_20)
DA:1,1
DA:4,1
DA:17,1
DA:20,6
DA:23,6
DA:26,1
DA:27,6
DA:28,6
DA:29,6
DA:30,6
DA:31,6
DA:33,6
DA:35,6
DA:36,1
DA:39,5
DA:41,5
DA:42,1
DA:45,4
DA:46,4
DA:47,4
DA:48,1
DA:51,4
DA:52,2
DA:56,2
DA:57,1
DA:59,1
DA:62,4
DA:64,2
DA:66,1
DA:67,1
LF:30
LH:30
BRDA:33,0,0,6
BRDA:33,0,1,2
BRDA:35,1,0,1
BRDA:35,1,1,5
BRDA:41,2,0,1
BRDA:41,2,1,4
BRDA:41,3,0,5
BRDA:41,3,1,1
BRDA:47,4,0,1
BRDA:47,4,1,3
BRDA:47,5,0,4
BRDA:47,5,1,3
BRDA:51,6,0,1
BRDA:51,6,1,2
BRDA:51,7,0,3
BRDA:51,7,1,2
BRDA:56,8,0,1
BRDA:56,8,1,1
BRF:18
BRH:18
end_of_record
TN:
SF:src/modules/users/services/UpdateUserAvatarService.ts
FN:14,(anonymous_18)
FN:15,UpdateUserAvatarService
FN:23,(anonymous_20)
FNF:3
FNH:3
FNDA:1,(anonymous_18)
FNDA:3,UpdateUserAvatarService
FNDA:4,(anonymous_20)
DA:1,1
DA:4,1
DA:14,1
DA:17,3
DA:20,3
DA:23,4
DA:24,4
DA:26,4
DA:27,1
DA:33,5
DA:35,2
DA:37,3
DA:38,3
DA:39,6
DA:40,3
DA:42,1
DA:43,1
LF:17
LH:17
BRDA:24,0,0,4
BRDA:24,0,1,3
BRDA:26,1,0,1
BRDA:26,1,1,3
BRDA:33,2,0,2
BRDA:33,2,1,1
BRF:6
BRH:6
end_of_record
